<?xml version="1.0" encoding="UTF-8"?>
<coverage generated="1612307841469" clover="3.2.0">
  <project timestamp="1612307841470" name="All files">
    <metrics statements="103" coveredstatements="94" conditionals="24" coveredconditionals="18" methods="29" coveredmethods="26" elements="156" coveredelements="138" complexity="0" loc="103" ncloc="103" packages="2" files="6" classes="6"/>
    <package name="client.components">
      <metrics statements="83" coveredstatements="74" conditionals="24" coveredconditionals="18" methods="25" coveredmethods="22"/>
      <file name="Dropdown.jsx" path="/Users/anthonylee/hackreactor/SDC/reviews-service/client/components/Dropdown.jsx">
        <metrics statements="19" coveredstatements="19" conditionals="12" coveredconditionals="11" methods="8" coveredmethods="8"/>
        <line num="6" count="1" type="stmt"/>
        <line num="8" count="1" type="stmt"/>
        <line num="14" count="1" type="stmt"/>
        <line num="15" count="1" type="stmt"/>
        <line num="16" count="1" type="stmt"/>
        <line num="20" count="1" type="stmt"/>
        <line num="21" count="1" type="stmt"/>
        <line num="22" count="1" type="stmt"/>
        <line num="27" count="1" type="stmt"/>
        <line num="28" count="1" type="stmt"/>
        <line num="29" count="1" type="stmt"/>
        <line num="31" count="1" type="stmt"/>
        <line num="38" count="1" type="stmt"/>
        <line num="39" count="1" type="stmt"/>
        <line num="40" count="1" type="stmt"/>
        <line num="45" count="4" type="stmt"/>
        <line num="46" count="4" type="stmt"/>
        <line num="51" count="4" type="stmt"/>
        <line num="78" count="2" type="stmt"/>
      </file>
      <file name="Pagination.jsx" path="/Users/anthonylee/hackreactor/SDC/reviews-service/client/components/Pagination.jsx">
        <metrics statements="10" coveredstatements="10" conditionals="6" coveredconditionals="3" methods="3" coveredmethods="3"/>
        <line num="4" count="2" type="stmt"/>
        <line num="13" count="1" type="stmt"/>
        <line num="15" count="1" type="stmt"/>
        <line num="16" count="33" type="stmt"/>
        <line num="19" count="1" type="stmt"/>
        <line num="20" count="33" type="stmt"/>
        <line num="21" count="1" type="cond" truecount="1" falsecount="1"/>
        <line num="27" count="1" type="stmt"/>
        <line num="50" count="2" type="stmt"/>
        <line num="57" count="2" type="stmt"/>
      </file>
      <file name="Rating.jsx" path="/Users/anthonylee/hackreactor/SDC/reviews-service/client/components/Rating.jsx">
        <metrics statements="5" coveredstatements="5" conditionals="0" coveredconditionals="0" methods="1" coveredmethods="1"/>
        <line num="4" count="3" type="stmt"/>
        <line num="5" count="1" type="stmt"/>
        <line num="12" count="1" type="stmt"/>
        <line num="19" count="3" type="stmt"/>
        <line num="23" count="3" type="stmt"/>
      </file>
      <file name="ReviewList.jsx" path="/Users/anthonylee/hackreactor/SDC/reviews-service/client/components/ReviewList.jsx">
        <metrics statements="10" coveredstatements="10" conditionals="0" coveredconditionals="0" methods="2" coveredmethods="2"/>
        <line num="8" count="2" type="stmt"/>
        <line num="9" count="2" type="stmt"/>
        <line num="10" count="1" type="stmt"/>
        <line num="11" count="1" type="stmt"/>
        <line num="12" count="1" type="stmt"/>
        <line num="13" count="1" type="stmt"/>
        <line num="15" count="1" type="stmt"/>
        <line num="32" count="2" type="stmt"/>
        <line num="39" count="2" type="stmt"/>
        <line num="43" count="2" type="stmt"/>
      </file>
      <file name="Reviews.jsx" path="/Users/anthonylee/hackreactor/SDC/reviews-service/client/components/Reviews.jsx">
        <metrics statements="39" coveredstatements="30" conditionals="6" coveredconditionals="4" methods="11" coveredmethods="8"/>
        <line num="12" count="1" type="stmt"/>
        <line num="14" count="1" type="stmt"/>
        <line num="20" count="1" type="stmt"/>
        <line num="21" count="1" type="stmt"/>
        <line num="22" count="1" type="stmt"/>
        <line num="23" count="1" type="stmt"/>
        <line num="24" count="1" type="stmt"/>
        <line num="28" count="3" type="stmt"/>
        <line num="32" count="1" type="stmt"/>
        <line num="34" count="1" type="cond" truecount="1" falsecount="1"/>
        <line num="35" count="0" type="stmt"/>
        <line num="37" count="1" type="stmt"/>
        <line num="40" count="1" type="stmt"/>
        <line num="44" count="3" type="stmt"/>
        <line num="46" count="3" type="stmt"/>
        <line num="48" count="1" type="stmt"/>
        <line num="50" count="1" type="cond" truecount="1" falsecount="1"/>
        <line num="51" count="1" type="stmt"/>
        <line num="53" count="1" type="stmt"/>
        <line num="61" count="0" type="stmt"/>
        <line num="62" count="0" type="stmt"/>
        <line num="63" count="0" type="stmt"/>
        <line num="64" count="0" type="stmt"/>
        <line num="68" count="1" type="stmt"/>
        <line num="69" count="1" type="stmt"/>
        <line num="70" count="1" type="stmt"/>
        <line num="71" count="0" type="stmt"/>
        <line num="72" count="0" type="stmt"/>
        <line num="76" count="1" type="stmt"/>
        <line num="77" count="1" type="stmt"/>
        <line num="78" count="1" type="stmt"/>
        <line num="79" count="0" type="stmt"/>
        <line num="80" count="0" type="stmt"/>
        <line num="89" count="3" type="stmt"/>
        <line num="91" count="3" type="stmt"/>
        <line num="92" count="3" type="stmt"/>
        <line num="93" count="3" type="stmt"/>
        <line num="95" count="3" type="stmt"/>
        <line num="119" count="1" type="stmt"/>
      </file>
    </package>
    <package name="database">
      <metrics statements="20" coveredstatements="20" conditionals="0" coveredconditionals="0" methods="4" coveredmethods="4"/>
      <file name="helpers.js" path="/Users/anthonylee/hackreactor/SDC/reviews-service/database/helpers.js">
        <metrics statements="20" coveredstatements="20" conditionals="0" coveredconditionals="0" methods="4" coveredmethods="4"/>
        <line num="1" count="1" type="stmt"/>
        <line num="3" count="1" type="stmt"/>
        <line num="4" count="100" type="stmt"/>
        <line num="5" count="100" type="stmt"/>
        <line num="6" count="100" type="stmt"/>
        <line num="7" count="2190" type="stmt"/>
        <line num="20" count="100" type="stmt"/>
        <line num="23" count="1" type="stmt"/>
        <line num="24" count="100" type="stmt"/>
        <line num="27" count="1" type="stmt"/>
        <line num="28" count="100" type="stmt"/>
        <line num="31" count="1" type="stmt"/>
        <line num="32" count="1" type="stmt"/>
        <line num="34" count="1" type="stmt"/>
        <line num="35" count="100" type="stmt"/>
        <line num="39" count="100" type="stmt"/>
        <line num="40" count="100" type="stmt"/>
        <line num="42" count="100" type="stmt"/>
        <line num="44" count="1" type="stmt"/>
        <line num="47" count="1" type="stmt"/>
      </file>
    </package>
  </project>
</coverage>
