{"/home/eagerbeaver/hackreactor/immersive/fec/ratings-service/client/components/App.jsx": {"path":"/home/eagerbeaver/hackreactor/immersive/fec/ratings-service/client/components/App.jsx","statementMap":{"0":{"start":{"line":13,"column":4},"end":{"line":13,"column":17}},"1":{"start":{"line":15,"column":4},"end":{"line":20,"column":6}},"2":{"start":{"line":21,"column":4},"end":{"line":21,"column":49}},"3":{"start":{"line":22,"column":4},"end":{"line":22,"column":45}},"4":{"start":{"line":23,"column":4},"end":{"line":23,"column":55}},"5":{"start":{"line":24,"column":4},"end":{"line":24,"column":55}},"6":{"start":{"line":25,"column":4},"end":{"line":25,"column":55}},"7":{"start":{"line":29,"column":4},"end":{"line":29,"column":22}},"8":{"start":{"line":33,"column":24},"end":{"line":33,"column":34}},"9":{"start":{"line":35,"column":4},"end":{"line":40,"column":5}},"10":{"start":{"line":36,"column":6},"end":{"line":36,"column":75}},"11":{"start":{"line":36,"column":38},"end":{"line":36,"column":73}},"12":{"start":{"line":38,"column":6},"end":{"line":38,"column":69}},"13":{"start":{"line":38,"column":38},"end":{"line":38,"column":67}},"14":{"start":{"line":39,"column":6},"end":{"line":39,"column":26}},"15":{"start":{"line":42,"column":4},"end":{"line":42,"column":55}},"16":{"start":{"line":46,"column":4},"end":{"line":57,"column":9}},"17":{"start":{"line":48,"column":22},"end":{"line":48,"column":35}},"18":{"start":{"line":49,"column":24},"end":{"line":49,"column":44}},"19":{"start":{"line":50,"column":8},"end":{"line":53,"column":11}},"20":{"start":{"line":56,"column":8},"end":{"line":56,"column":41}},"21":{"start":{"line":61,"column":4},"end":{"line":61,"column":23}},"22":{"start":{"line":62,"column":4},"end":{"line":62,"column":26}},"23":{"start":{"line":63,"column":4},"end":{"line":63,"column":44}},"24":{"start":{"line":67,"column":4},"end":{"line":67,"column":23}},"25":{"start":{"line":68,"column":4},"end":{"line":68,"column":26}},"26":{"start":{"line":69,"column":28},"end":{"line":69,"column":38}},"27":{"start":{"line":70,"column":4},"end":{"line":70,"column":52}},"28":{"start":{"line":74,"column":4},"end":{"line":74,"column":23}},"29":{"start":{"line":75,"column":4},"end":{"line":75,"column":26}},"30":{"start":{"line":76,"column":28},"end":{"line":76,"column":38}},"31":{"start":{"line":77,"column":4},"end":{"line":77,"column":52}},"32":{"start":{"line":81,"column":62},"end":{"line":81,"column":72}},"33":{"start":{"line":82,"column":30},"end":{"line":82,"column":58}},"34":{"start":{"line":83,"column":31},"end":{"line":83,"column":65}},"35":{"start":{"line":84,"column":27},"end":{"line":84,"column":79}},"36":{"start":{"line":86,"column":4},"end":{"line":106,"column":6}},"37":{"start":{"line":110,"column":0},"end":{"line":112,"column":2}}},"fnMap":{"0":{"name":"(anonymous_0)","decl":{"start":{"line":12,"column":2},"end":{"line":12,"column":3}},"loc":{"start":{"line":12,"column":21},"end":{"line":26,"column":3}},"line":12},"1":{"name":"(anonymous_1)","decl":{"start":{"line":28,"column":2},"end":{"line":28,"column":3}},"loc":{"start":{"line":28,"column":22},"end":{"line":30,"column":3}},"line":28},"2":{"name":"(anonymous_2)","decl":{"start":{"line":32,"column":2},"end":{"line":32,"column":3}},"loc":{"start":{"line":32,"column":27},"end":{"line":43,"column":3}},"line":32},"3":{"name":"(anonymous_3)","decl":{"start":{"line":36,"column":28},"end":{"line":36,"column":29}},"loc":{"start":{"line":36,"column":38},"end":{"line":36,"column":73}},"line":36},"4":{"name":"(anonymous_4)","decl":{"start":{"line":38,"column":28},"end":{"line":38,"column":29}},"loc":{"start":{"line":38,"column":38},"end":{"line":38,"column":67}},"line":38},"5":{"name":"(anonymous_5)","decl":{"start":{"line":45,"column":2},"end":{"line":45,"column":3}},"loc":{"start":{"line":45,"column":15},"end":{"line":58,"column":3}},"line":45},"6":{"name":"(anonymous_6)","decl":{"start":{"line":47,"column":12},"end":{"line":47,"column":13}},"loc":{"start":{"line":47,"column":26},"end":{"line":54,"column":7}},"line":47},"7":{"name":"(anonymous_7)","decl":{"start":{"line":55,"column":13},"end":{"line":55,"column":14}},"loc":{"start":{"line":55,"column":24},"end":{"line":57,"column":7}},"line":55},"8":{"name":"(anonymous_8)","decl":{"start":{"line":60,"column":2},"end":{"line":60,"column":3}},"loc":{"start":{"line":60,"column":23},"end":{"line":64,"column":3}},"line":60},"9":{"name":"(anonymous_9)","decl":{"start":{"line":66,"column":2},"end":{"line":66,"column":3}},"loc":{"start":{"line":66,"column":19},"end":{"line":71,"column":3}},"line":66},"10":{"name":"(anonymous_10)","decl":{"start":{"line":73,"column":2},"end":{"line":73,"column":3}},"loc":{"start":{"line":73,"column":19},"end":{"line":78,"column":3}},"line":73},"11":{"name":"(anonymous_11)","decl":{"start":{"line":80,"column":2},"end":{"line":80,"column":3}},"loc":{"start":{"line":80,"column":11},"end":{"line":107,"column":3}},"line":80}},"branchMap":{"0":{"loc":{"start":{"line":35,"column":4},"end":{"line":40,"column":5}},"type":"if","locations":[{"start":{"line":35,"column":4},"end":{"line":40,"column":5}},{"start":{"line":35,"column":4},"end":{"line":40,"column":5}}],"line":35}},"s":{"0":1,"1":1,"2":1,"3":1,"4":1,"5":1,"6":1,"7":2,"8":0,"9":0,"10":0,"11":0,"12":0,"13":0,"14":0,"15":0,"16":2,"17":1,"18":1,"19":1,"20":1,"21":0,"22":0,"23":0,"24":1,"25":1,"26":1,"27":1,"28":1,"29":1,"30":1,"31":1,"32":3,"33":3,"34":3,"35":3,"36":3,"37":2},"f":{"0":1,"1":2,"2":0,"3":0,"4":0,"5":2,"6":1,"7":1,"8":0,"9":1,"10":1,"11":3},"b":{"0":[0,0]},"_coverageSchema":"1a1c01bbd47fc00a2c39e90264f33305004495a9","hash":"ae8946082c0a9f1b96ab9556d646abe2493c3efa"}
,"/home/eagerbeaver/hackreactor/immersive/fec/ratings-service/client/components/Dropdown.jsx": {"path":"/home/eagerbeaver/hackreactor/immersive/fec/ratings-service/client/components/Dropdown.jsx","statementMap":{"0":{"start":{"line":6,"column":4},"end":{"line":6,"column":17}},"1":{"start":{"line":8,"column":4},"end":{"line":12,"column":6}},"2":{"start":{"line":14,"column":4},"end":{"line":14,"column":45}},"3":{"start":{"line":15,"column":4},"end":{"line":15,"column":45}},"4":{"start":{"line":16,"column":4},"end":{"line":16,"column":51}},"5":{"start":{"line":20,"column":4},"end":{"line":20,"column":23}},"6":{"start":{"line":21,"column":4},"end":{"line":23,"column":7}},"7":{"start":{"line":22,"column":6},"end":{"line":22,"column":56}},"8":{"start":{"line":27,"column":4},"end":{"line":27,"column":23}},"9":{"start":{"line":28,"column":30},"end":{"line":28,"column":40}},"10":{"start":{"line":29,"column":4},"end":{"line":29,"column":40}},"11":{"start":{"line":31,"column":4},"end":{"line":34,"column":8}},"12":{"start":{"line":31,"column":34},"end":{"line":34,"column":5}},"13":{"start":{"line":38,"column":4},"end":{"line":38,"column":23}},"14":{"start":{"line":39,"column":4},"end":{"line":41,"column":7}},"15":{"start":{"line":40,"column":6},"end":{"line":40,"column":59}},"16":{"start":{"line":45,"column":69},"end":{"line":45,"column":79}},"17":{"start":{"line":46,"column":19},"end":{"line":49,"column":5}},"18":{"start":{"line":51,"column":4},"end":{"line":74,"column":6}},"19":{"start":{"line":78,"column":0},"end":{"line":80,"column":2}}},"fnMap":{"0":{"name":"(anonymous_0)","decl":{"start":{"line":5,"column":2},"end":{"line":5,"column":3}},"loc":{"start":{"line":5,"column":21},"end":{"line":17,"column":3}},"line":5},"1":{"name":"(anonymous_1)","decl":{"start":{"line":19,"column":2},"end":{"line":19,"column":3}},"loc":{"start":{"line":19,"column":14},"end":{"line":24,"column":3}},"line":19},"2":{"name":"(anonymous_2)","decl":{"start":{"line":21,"column":41},"end":{"line":21,"column":42}},"loc":{"start":{"line":21,"column":47},"end":{"line":23,"column":5}},"line":21},"3":{"name":"(anonymous_3)","decl":{"start":{"line":26,"column":2},"end":{"line":26,"column":3}},"loc":{"start":{"line":26,"column":17},"end":{"line":35,"column":3}},"line":26},"4":{"name":"(anonymous_4)","decl":{"start":{"line":31,"column":18},"end":{"line":31,"column":19}},"loc":{"start":{"line":31,"column":34},"end":{"line":34,"column":5}},"line":31},"5":{"name":"(anonymous_5)","decl":{"start":{"line":37,"column":2},"end":{"line":37,"column":3}},"loc":{"start":{"line":37,"column":14},"end":{"line":42,"column":3}},"line":37},"6":{"name":"(anonymous_6)","decl":{"start":{"line":39,"column":42},"end":{"line":39,"column":43}},"loc":{"start":{"line":39,"column":48},"end":{"line":41,"column":5}},"line":39},"7":{"name":"(anonymous_7)","decl":{"start":{"line":44,"column":2},"end":{"line":44,"column":3}},"loc":{"start":{"line":44,"column":11},"end":{"line":75,"column":3}},"line":44}},"branchMap":{"0":{"loc":{"start":{"line":47,"column":23},"end":{"line":47,"column":57}},"type":"cond-expr","locations":[{"start":{"line":47,"column":37},"end":{"line":47,"column":50}},{"start":{"line":47,"column":53},"end":{"line":47,"column":57}}],"line":47},"1":{"loc":{"start":{"line":52,"column":22},"end":{"line":52,"column":112}},"type":"cond-expr","locations":[{"start":{"line":52,"column":36},"end":{"line":52,"column":89}},{"start":{"line":52,"column":92},"end":{"line":52,"column":112}}],"line":52},"2":{"loc":{"start":{"line":54,"column":12},"end":{"line":54,"column":76}},"type":"cond-expr","locations":[{"start":{"line":54,"column":36},"end":{"line":54,"column":57}},{"start":{"line":54,"column":60},"end":{"line":54,"column":76}}],"line":54},"3":{"loc":{"start":{"line":58,"column":10},"end":{"line":71,"column":13}},"type":"cond-expr","locations":[{"start":{"line":60,"column":14},"end":{"line":67,"column":20}},{"start":{"line":70,"column":14},"end":{"line":70,"column":18}}],"line":58},"4":{"loc":{"start":{"line":64,"column":18},"end":{"line":64,"column":84}},"type":"binary-expr","locations":[{"start":{"line":64,"column":18},"end":{"line":64,"column":39}},{"start":{"line":64,"column":43},"end":{"line":64,"column":84}}],"line":64},"5":{"loc":{"start":{"line":66,"column":18},"end":{"line":66,"column":79}},"type":"binary-expr","locations":[{"start":{"line":66,"column":18},"end":{"line":66,"column":34}},{"start":{"line":66,"column":38},"end":{"line":66,"column":79}}],"line":66}},"s":{"0":1,"1":1,"2":1,"3":1,"4":1,"5":1,"6":1,"7":1,"8":1,"9":1,"10":1,"11":1,"12":1,"13":1,"14":1,"15":1,"16":4,"17":4,"18":4,"19":3},"f":{"0":1,"1":1,"2":1,"3":1,"4":1,"5":1,"6":1,"7":4},"b":{"0":[1,3],"1":[1,3],"2":[3,1],"3":[1,3],"4":[1,1],"5":[1,0]},"_coverageSchema":"1a1c01bbd47fc00a2c39e90264f33305004495a9","hash":"79f177eba0706d2ec4c7e244e98278daddba16a3"}
,"/home/eagerbeaver/hackreactor/immersive/fec/ratings-service/client/components/Pagination.jsx": {"path":"/home/eagerbeaver/hackreactor/immersive/fec/ratings-service/client/components/Pagination.jsx","statementMap":{"0":{"start":{"line":4,"column":19},"end":{"line":48,"column":1}},"1":{"start":{"line":13,"column":22},"end":{"line":13,"column":24}},"2":{"start":{"line":15,"column":2},"end":{"line":17,"column":3}},"3":{"start":{"line":15,"column":15},"end":{"line":15,"column":16}},"4":{"start":{"line":16,"column":4},"end":{"line":16,"column":24}},"5":{"start":{"line":19,"column":16},"end":{"line":25,"column":4}},"6":{"start":{"line":20,"column":4},"end":{"line":24,"column":9}},"7":{"start":{"line":21,"column":106},"end":{"line":21,"column":122}},"8":{"start":{"line":27,"column":2},"end":{"line":47,"column":4}},"9":{"start":{"line":50,"column":0},"end":{"line":55,"column":2}},"10":{"start":{"line":57,"column":0},"end":{"line":65,"column":2}}},"fnMap":{"0":{"name":"(anonymous_0)","decl":{"start":{"line":4,"column":19},"end":{"line":4,"column":20}},"loc":{"start":{"line":12,"column":6},"end":{"line":48,"column":1}},"line":12},"1":{"name":"(anonymous_1)","decl":{"start":{"line":19,"column":32},"end":{"line":19,"column":33}},"loc":{"start":{"line":20,"column":4},"end":{"line":24,"column":9}},"line":20},"2":{"name":"(anonymous_2)","decl":{"start":{"line":21,"column":99},"end":{"line":21,"column":100}},"loc":{"start":{"line":21,"column":106},"end":{"line":21,"column":122}},"line":21}},"branchMap":{"0":{"loc":{"start":{"line":21,"column":44},"end":{"line":21,"column":88}},"type":"cond-expr","locations":[{"start":{"line":21,"column":66},"end":{"line":21,"column":76}},{"start":{"line":21,"column":79},"end":{"line":21,"column":88}}],"line":21},"1":{"loc":{"start":{"line":31,"column":49},"end":{"line":31,"column":90}},"type":"cond-expr","locations":[{"start":{"line":31,"column":69},"end":{"line":31,"column":77}},{"start":{"line":31,"column":80},"end":{"line":31,"column":90}}],"line":31},"2":{"loc":{"start":{"line":41,"column":49},"end":{"line":41,"column":100}},"type":"cond-expr","locations":[{"start":{"line":41,"column":79},"end":{"line":41,"column":87}},{"start":{"line":41,"column":90},"end":{"line":41,"column":100}}],"line":41}},"s":{"0":2,"1":1,"2":1,"3":1,"4":33,"5":1,"6":33,"7":1,"8":1,"9":2,"10":2},"f":{"0":1,"1":33,"2":1},"b":{"0":[0,33],"1":[1,0],"2":[1,0]},"_coverageSchema":"1a1c01bbd47fc00a2c39e90264f33305004495a9","hash":"c284385821637abf3a1fbeb2a2d75f00dae2ad3d"}
,"/home/eagerbeaver/hackreactor/immersive/fec/ratings-service/client/components/Rating.jsx": {"path":"/home/eagerbeaver/hackreactor/immersive/fec/ratings-service/client/components/Rating.jsx","statementMap":{"0":{"start":{"line":3,"column":15},"end":{"line":16,"column":1}},"1":{"start":{"line":4,"column":18},"end":{"line":10,"column":3}},"2":{"start":{"line":11,"column":2},"end":{"line":15,"column":4}}},"fnMap":{"0":{"name":"(anonymous_0)","decl":{"start":{"line":3,"column":15},"end":{"line":3,"column":16}},"loc":{"start":{"line":3,"column":31},"end":{"line":16,"column":1}},"line":3}},"branchMap":{},"s":{"0":4,"1":1,"2":1},"f":{"0":1},"b":{},"_coverageSchema":"1a1c01bbd47fc00a2c39e90264f33305004495a9","hash":"de5a8e690c158d4c4a08e2e480d3e4a813638cf9"}
,"/home/eagerbeaver/hackreactor/immersive/fec/ratings-service/client/components/ReviewList.jsx": {"path":"/home/eagerbeaver/hackreactor/immersive/fec/ratings-service/client/components/ReviewList.jsx","statementMap":{"0":{"start":{"line":7,"column":19},"end":{"line":30,"column":1}},"1":{"start":{"line":8,"column":21},"end":{"line":24,"column":4}},"2":{"start":{"line":10,"column":4},"end":{"line":23,"column":10}},"3":{"start":{"line":25,"column":2},"end":{"line":29,"column":4}},"4":{"start":{"line":32,"column":0},"end":{"line":34,"column":2}},"5":{"start":{"line":36,"column":0},"end":{"line":47,"column":2}}},"fnMap":{"0":{"name":"(anonymous_0)","decl":{"start":{"line":7,"column":19},"end":{"line":7,"column":20}},"loc":{"start":{"line":7,"column":36},"end":{"line":30,"column":1}},"line":7},"1":{"name":"(anonymous_1)","decl":{"start":{"line":8,"column":33},"end":{"line":8,"column":34}},"loc":{"start":{"line":10,"column":4},"end":{"line":23,"column":10}},"line":10}},"branchMap":{},"s":{"0":3,"1":1,"2":0,"3":1,"4":3,"5":3},"f":{"0":1,"1":0},"b":{},"_coverageSchema":"1a1c01bbd47fc00a2c39e90264f33305004495a9","hash":"078f9e580b66136d54bf842001469aa16e05b614"}
,"/home/eagerbeaver/hackreactor/immersive/fec/ratings-service/client/helpers/helpers.js": {"path":"/home/eagerbeaver/hackreactor/immersive/fec/ratings-service/client/helpers/helpers.js","statementMap":{"0":{"start":{"line":1,"column":23},"end":{"line":5,"column":1}},"1":{"start":{"line":2,"column":2},"end":{"line":4,"column":3}},"2":{"start":{"line":7,"column":0},"end":{"line":7,"column":32}}},"fnMap":{"0":{"name":"(anonymous_0)","decl":{"start":{"line":1,"column":23},"end":{"line":1,"column":24}},"loc":{"start":{"line":2,"column":2},"end":{"line":4,"column":3}},"line":2}},"branchMap":{},"s":{"0":2,"1":1,"2":2},"f":{"0":1},"b":{},"_coverageSchema":"1a1c01bbd47fc00a2c39e90264f33305004495a9","hash":"51c9422cb386d1698344fed3f41595a4100e28f9"}
,"/home/eagerbeaver/hackreactor/immersive/fec/ratings-service/database/helpers.js": {"path":"/home/eagerbeaver/hackreactor/immersive/fec/ratings-service/database/helpers.js","statementMap":{"0":{"start":{"line":1,"column":14},"end":{"line":1,"column":30}},"1":{"start":{"line":3,"column":30},"end":{"line":21,"column":1}},"2":{"start":{"line":4,"column":18},"end":{"line":4,"column":20}},"3":{"start":{"line":5,"column":20},"end":{"line":5,"column":66}},"4":{"start":{"line":6,"column":2},"end":{"line":19,"column":3}},"5":{"start":{"line":6,"column":15},"end":{"line":6,"column":16}},"6":{"start":{"line":7,"column":4},"end":{"line":18,"column":7}},"7":{"start":{"line":20,"column":2},"end":{"line":20,"column":17}},"8":{"start":{"line":23,"column":17},"end":{"line":25,"column":1}},"9":{"start":{"line":24,"column":2},"end":{"line":24,"column":20}},"10":{"start":{"line":27,"column":19},"end":{"line":29,"column":1}},"11":{"start":{"line":28,"column":2},"end":{"line":28,"column":36}},"12":{"start":{"line":31,"column":24},"end":{"line":45,"column":1}},"13":{"start":{"line":32,"column":18},"end":{"line":32,"column":20}},"14":{"start":{"line":34,"column":2},"end":{"line":43,"column":3}},"15":{"start":{"line":34,"column":15},"end":{"line":34,"column":16}},"16":{"start":{"line":35,"column":19},"end":{"line":38,"column":5}},"17":{"start":{"line":39,"column":4},"end":{"line":39,"column":48}},"18":{"start":{"line":40,"column":4},"end":{"line":40,"column":52}},"19":{"start":{"line":42,"column":4},"end":{"line":42,"column":25}},"20":{"start":{"line":44,"column":2},"end":{"line":44,"column":17}},"21":{"start":{"line":47,"column":0},"end":{"line":47,"column":33}}},"fnMap":{"0":{"name":"(anonymous_0)","decl":{"start":{"line":3,"column":30},"end":{"line":3,"column":31}},"loc":{"start":{"line":3,"column":36},"end":{"line":21,"column":1}},"line":3},"1":{"name":"(anonymous_1)","decl":{"start":{"line":23,"column":17},"end":{"line":23,"column":18}},"loc":{"start":{"line":24,"column":2},"end":{"line":24,"column":20}},"line":24},"2":{"name":"(anonymous_2)","decl":{"start":{"line":27,"column":19},"end":{"line":27,"column":20}},"loc":{"start":{"line":28,"column":2},"end":{"line":28,"column":36}},"line":28},"3":{"name":"(anonymous_3)","decl":{"start":{"line":31,"column":24},"end":{"line":31,"column":25}},"loc":{"start":{"line":31,"column":30},"end":{"line":45,"column":1}},"line":31}},"branchMap":{},"s":{"0":1,"1":1,"2":100,"3":100,"4":100,"5":100,"6":2263,"7":100,"8":1,"9":100,"10":1,"11":100,"12":1,"13":1,"14":1,"15":1,"16":100,"17":100,"18":100,"19":100,"20":1,"21":1},"f":{"0":100,"1":100,"2":100,"3":1},"b":{},"_coverageSchema":"1a1c01bbd47fc00a2c39e90264f33305004495a9","hash":"e58f594560c167b5a8bcd90d9fab8f80f56db61e"}
}
