TN:
SF:client/components/App.jsx
FN:11,(anonymous_0)
FN:27,(anonymous_1)
FN:31,(anonymous_2)
FN:35,(anonymous_3)
FN:37,(anonymous_4)
FN:44,(anonymous_5)
FN:45,(anonymous_6)
FN:52,(anonymous_7)
FN:67,(anonymous_8)
FN:74,(anonymous_9)
FN:81,(anonymous_10)
FN:88,(anonymous_11)
FNF:12
FNH:9
FNDA:1,(anonymous_0)
FNDA:3,(anonymous_1)
FNDA:1,(anonymous_2)
FNDA:0,(anonymous_3)
FNDA:0,(anonymous_4)
FNDA:3,(anonymous_5)
FNDA:1,(anonymous_6)
FNDA:1,(anonymous_7)
FNDA:0,(anonymous_8)
FNDA:1,(anonymous_9)
FNDA:1,(anonymous_10)
FNDA:4,(anonymous_11)
DA:12,1
DA:14,1
DA:20,1
DA:21,1
DA:22,1
DA:23,1
DA:24,1
DA:28,3
DA:32,1
DA:34,1
DA:35,0
DA:37,1
DA:38,1
DA:41,1
DA:45,3
DA:46,1
DA:51,3
DA:53,1
DA:54,1
DA:57,1
DA:58,0
DA:60,0
DA:68,0
DA:69,0
DA:70,0
DA:71,0
DA:75,1
DA:76,1
DA:77,1
DA:78,1
DA:82,1
DA:83,1
DA:84,1
DA:85,1
DA:94,4
DA:96,4
DA:97,4
DA:98,4
DA:100,4
DA:124,2
LF:40
LH:33
BRDA:34,0,0,0
BRDA:34,0,1,1
BRDA:57,1,0,0
BRDA:57,1,1,0
BRDA:62,2,0,0
BRDA:62,2,1,0
BRF:6
BRH:1
end_of_record
TN:
SF:client/components/Dropdown.jsx
FN:5,(anonymous_0)
FN:19,(anonymous_1)
FN:21,(anonymous_2)
FN:26,(anonymous_3)
FN:31,(anonymous_4)
FN:37,(anonymous_5)
FN:39,(anonymous_6)
FN:44,(anonymous_7)
FNF:8
FNH:8
FNDA:1,(anonymous_0)
FNDA:1,(anonymous_1)
FNDA:1,(anonymous_2)
FNDA:1,(anonymous_3)
FNDA:1,(anonymous_4)
FNDA:1,(anonymous_5)
FNDA:1,(anonymous_6)
FNDA:4,(anonymous_7)
DA:6,1
DA:8,1
DA:14,1
DA:15,1
DA:16,1
DA:20,1
DA:21,1
DA:22,1
DA:27,1
DA:28,1
DA:29,1
DA:31,1
DA:38,1
DA:39,1
DA:40,1
DA:45,4
DA:46,4
DA:51,4
DA:78,3
LF:19
LH:19
BRDA:47,0,0,1
BRDA:47,0,1,3
BRDA:52,1,0,1
BRDA:52,1,1,3
BRDA:54,2,0,3
BRDA:54,2,1,1
BRDA:58,3,0,1
BRDA:58,3,1,3
BRDA:64,4,0,1
BRDA:64,4,1,1
BRDA:66,5,0,1
BRDA:66,5,1,0
BRF:12
BRH:11
end_of_record
TN:
SF:client/components/Pagination.jsx
FN:4,(anonymous_0)
FN:19,(anonymous_1)
FN:21,(anonymous_2)
FNF:3
FNH:3
FNDA:1,(anonymous_0)
FNDA:33,(anonymous_1)
FNDA:1,(anonymous_2)
DA:4,2
DA:13,1
DA:15,1
DA:16,33
DA:19,1
DA:20,33
DA:21,1
DA:27,1
DA:50,2
DA:57,2
LF:10
LH:10
BRDA:21,0,0,0
BRDA:21,0,1,33
BRDA:31,1,0,1
BRDA:31,1,1,0
BRDA:41,2,0,1
BRDA:41,2,1,0
BRF:6
BRH:3
end_of_record
TN:
SF:client/components/Rating.jsx
FN:4,(anonymous_0)
FNF:1
FNH:1
FNDA:1,(anonymous_0)
DA:4,4
DA:5,1
DA:12,1
DA:19,4
DA:23,4
LF:5
LH:5
BRF:0
BRH:0
end_of_record
TN:
SF:client/components/ReviewList.jsx
FN:8,(anonymous_0)
FN:9,(anonymous_1)
FNF:2
FNH:2
FNDA:2,(anonymous_0)
FNDA:1,(anonymous_1)
DA:8,3
DA:9,2
DA:10,1
DA:11,1
DA:12,1
DA:13,1
DA:15,1
DA:32,2
DA:39,3
DA:43,3
LF:10
LH:10
BRF:0
BRH:0
end_of_record
TN:
SF:database/helpers.js
FN:3,(anonymous_0)
FN:23,(anonymous_1)
FN:27,(anonymous_2)
FN:31,(anonymous_3)
FNF:4
FNH:4
FNDA:100,(anonymous_0)
FNDA:100,(anonymous_1)
FNDA:100,(anonymous_2)
FNDA:1,(anonymous_3)
DA:1,1
DA:3,1
DA:4,100
DA:5,100
DA:6,100
DA:7,2219
DA:20,100
DA:23,1
DA:24,100
DA:27,1
DA:28,100
DA:31,1
DA:32,1
DA:34,1
DA:35,100
DA:39,100
DA:40,100
DA:42,100
DA:44,1
DA:47,1
LF:20
LH:20
BRF:0
BRH:0
end_of_record
