TN:
SF:client/components/App.jsx
FN:12,(anonymous_0)
FN:28,(anonymous_1)
FN:32,(anonymous_2)
FN:36,(anonymous_3)
FN:38,(anonymous_4)
FN:45,(anonymous_5)
FN:47,(anonymous_6)
FN:56,(anonymous_7)
FN:61,(anonymous_8)
FN:67,(anonymous_9)
FN:74,(anonymous_10)
FN:81,(anonymous_11)
FNF:12
FNH:8
FNDA:1,(anonymous_0)
FNDA:2,(anonymous_1)
FNDA:0,(anonymous_2)
FNDA:0,(anonymous_3)
FNDA:0,(anonymous_4)
FNDA:2,(anonymous_5)
FNDA:1,(anonymous_6)
FNDA:1,(anonymous_7)
FNDA:0,(anonymous_8)
FNDA:1,(anonymous_9)
FNDA:1,(anonymous_10)
FNDA:3,(anonymous_11)
DA:13,1
DA:15,1
DA:21,1
DA:22,1
DA:23,1
DA:24,1
DA:25,1
DA:29,2
DA:33,0
DA:35,0
DA:36,0
DA:38,0
DA:39,0
DA:42,0
DA:46,2
DA:48,1
DA:49,1
DA:50,1
DA:51,1
DA:57,1
DA:62,0
DA:63,0
DA:64,0
DA:68,1
DA:69,1
DA:70,1
DA:71,1
DA:75,1
DA:76,1
DA:77,1
DA:78,1
DA:82,3
DA:83,3
DA:84,3
DA:85,3
DA:87,3
DA:111,1
LF:37
LH:28
BRDA:35,0,0,0
BRDA:35,0,1,0
BRF:2
BRH:0
end_of_record
TN:
SF:client/components/Dropdown.jsx
FN:5,(anonymous_0)
FN:19,(anonymous_1)
FN:21,(anonymous_2)
FN:26,(anonymous_3)
FN:31,(anonymous_4)
FN:37,(anonymous_5)
FN:39,(anonymous_6)
FN:44,(anonymous_7)
FNF:8
FNH:8
FNDA:1,(anonymous_0)
FNDA:1,(anonymous_1)
FNDA:1,(anonymous_2)
FNDA:1,(anonymous_3)
FNDA:1,(anonymous_4)
FNDA:1,(anonymous_5)
FNDA:1,(anonymous_6)
FNDA:4,(anonymous_7)
DA:6,1
DA:8,1
DA:14,1
DA:15,1
DA:16,1
DA:20,1
DA:21,1
DA:22,1
DA:27,1
DA:28,1
DA:29,1
DA:31,1
DA:38,1
DA:39,1
DA:40,1
DA:45,4
DA:46,4
DA:51,4
DA:78,2
LF:19
LH:19
BRDA:47,0,0,1
BRDA:47,0,1,3
BRDA:52,1,0,1
BRDA:52,1,1,3
BRDA:54,2,0,3
BRDA:54,2,1,1
BRDA:58,3,0,1
BRDA:58,3,1,3
BRDA:64,4,0,1
BRDA:64,4,1,1
BRDA:66,5,0,1
BRDA:66,5,1,0
BRF:12
BRH:11
end_of_record
TN:
SF:client/components/Pagination.jsx
FN:4,(anonymous_0)
FN:19,(anonymous_1)
FN:21,(anonymous_2)
FNF:3
FNH:1
FNDA:1,(anonymous_0)
FNDA:0,(anonymous_1)
FNDA:0,(anonymous_2)
DA:4,2
DA:13,1
DA:15,1
DA:16,0
DA:19,1
DA:20,0
DA:21,0
DA:27,1
DA:50,2
DA:57,2
LF:10
LH:7
BRDA:21,0,0,0
BRDA:21,0,1,0
BRDA:31,1,0,1
BRDA:31,1,1,0
BRDA:41,2,0,1
BRDA:41,2,1,0
BRF:6
BRH:2
end_of_record
TN:
SF:client/components/Rating.jsx
FN:3,(anonymous_0)
FNF:1
FNH:1
FNDA:1,(anonymous_0)
DA:3,3
DA:4,1
DA:11,1
LF:3
LH:3
BRF:0
BRH:0
end_of_record
TN:
SF:client/components/ReviewList.jsx
FN:7,(anonymous_0)
FN:8,(anonymous_1)
FNF:2
FNH:1
FNDA:1,(anonymous_0)
FNDA:0,(anonymous_1)
DA:7,2
DA:8,1
DA:10,0
DA:25,1
DA:32,2
DA:36,2
LF:6
LH:5
BRF:0
BRH:0
end_of_record
TN:
SF:client/helpers/helpers.js
FN:1,(anonymous_0)
FNF:1
FNH:1
FNDA:1,(anonymous_0)
DA:1,1
DA:2,1
DA:7,1
LF:3
LH:3
BRF:0
BRH:0
end_of_record
TN:
SF:database/helpers.js
FN:3,(anonymous_0)
FN:23,(anonymous_1)
FN:27,(anonymous_2)
FN:31,(anonymous_3)
FNF:4
FNH:4
FNDA:100,(anonymous_0)
FNDA:100,(anonymous_1)
FNDA:100,(anonymous_2)
FNDA:1,(anonymous_3)
DA:1,1
DA:3,1
DA:4,100
DA:5,100
DA:6,100
DA:7,2229
DA:20,100
DA:23,1
DA:24,100
DA:27,1
DA:28,100
DA:31,1
DA:32,1
DA:34,1
DA:35,100
DA:39,100
DA:40,100
DA:42,100
DA:44,1
DA:47,1
LF:20
LH:20
BRF:0
BRH:0
end_of_record
